Using pre-set license
Built from '2020.2/release' branch; Version is '2020.2.1f1 (270dd8c3da1c) revision 2559448'; Using compiler version '192528614'; Build Type 'Release'
OS: 'Windows 10  (10.0.0) 64bit' Language: 'en' Physical Memory: 16303 MB
BatchMode: 1, IsHumanControllingUs: 0, StartBugReporterOnCrash: 0, Is64bit: 1, IsPro: 0

 COMMAND LINE ARGUMENTS:
C:\Program Files\Unity\Hub\Editor\2020.2.1f1\Editor\Unity.exe
-adb2
-batchMode
-noUpm
-name
AssetImportWorker2
-projectPath
E:/GitHub/VTOLUnity
-logFile
Logs/AssetImportWorker2.log
-srvPort
53207
Successfully changed project path to: E:/GitHub/VTOLUnity
E:/GitHub/VTOLUnity
Using Asset Import Pipeline V2.
Refreshing native plugins compatible for Editor in 90.83 ms, found 0 plugins.
Preloading 0 native plugins for Editor in 0.00 ms.
Initialize engine version: 2020.2.1f1 (270dd8c3da1c)
[Subsystems] Discovering subsystems at path C:/Program Files/Unity/Hub/Editor/2020.2.1f1/Editor/Data/Resources/UnitySubsystems
[Subsystems] Discovering subsystems at path E:/GitHub/VTOLUnity/Assets
GfxDevice: creating device client; threaded=0
Direct3D:
    Version:  Direct3D 11.0 [level 11.1]
    Renderer: NVIDIA GeForce RTX 2060 SUPER (ID=0x1f06)
    Vendor:   
    VRAM:     8031 MB
    Driver:   27.21.14.6089
Shader 'Universal Render Pipeline/Particles/Lit': fallback shader 'Universal Render Pipeline/Particles/SimpleLit' not found
Initialize mono
Mono path[0] = 'C:/Program Files/Unity/Hub/Editor/2020.2.1f1/Editor/Data/Managed'
Mono path[1] = 'C:/Program Files/Unity/Hub/Editor/2020.2.1f1/Editor/Data/MonoBleedingEdge/lib/mono/unityjit'
Mono config path = 'C:/Program Files/Unity/Hub/Editor/2020.2.1f1/Editor/Data/MonoBleedingEdge/etc'
Using monoOptions --debugger-agent=transport=dt_socket,embedding=1,server=y,suspend=n,address=127.0.0.1:56492
Begin MonoManager ReloadAssembly
Registering precompiled unity dll's ...
Register platform support module: C:/Program Files/Unity/Hub/Editor/2020.2.1f1/Editor/Data/PlaybackEngines/WindowsStandaloneSupport/UnityEditor.WindowsStandalone.Extensions.dll
Registered in 0.001334 seconds.
Native extension for WindowsStandalone target not found
Refreshing native plugins compatible for Editor in 91.13 ms, found 0 plugins.
Preloading 0 native plugins for Editor in 0.00 ms.
Invoked RoslynAnalysisRunner static constructor.
RoslynAnalysisRunner will not be running.
RoslynAnalysisRunner has terminated.
Mono: successfully reloaded assembly
- Completed reload, in  1.450 seconds
Platform modules already initialized, skipping
Registering precompiled user dll's ...
Registered in 0.001077 seconds.
Begin MonoManager ReloadAssembly
Native extension for WindowsStandalone target not found
Refreshing native plugins compatible for Editor in 108.10 ms, found 0 plugins.
Preloading 0 native plugins for Editor in 0.00 ms.
Invoked RoslynAnalysisRunner static constructor.
RoslynAnalysisRunner will not be running.
RoslynAnalysisRunner has terminated.
Mono: successfully reloaded assembly
- Completed reload, in  2.191 seconds
Platform modules already initialized, skipping
========================================================================
Worker process is ready to serve import requests
Shader 'Universal Render Pipeline/Particles/Lit': fallback shader 'Universal Render Pipeline/Particles/SimpleLit' not found
Launched and connected shader compiler UnityShaderCompiler.exe after 0.19 seconds
Refreshing native plugins compatible for Editor in 1.52 ms, found 0 plugins.
Preloading 0 native plugins for Editor in 0.00 ms.
Unloading 3698 Unused Serialized files (Serialized files now loaded: 0)
System memory in use before: 198.0 MB.
System memory in use after: 198.2 MB.

Unloading 24 unused Assets to reduce memory usage. Loaded Objects now: 4186.
Total: 2.818700 ms (FindLiveObjects: 0.410500 ms CreateObjectMapping: 0.189600 ms MarkObjects: 1.975800 ms  DeleteObjects: 0.242100 ms)

========================================================================
Received Prepare
Registering precompiled user dll's ...
Registered in 0.001317 seconds.
Begin MonoManager ReloadAssembly
Native extension for WindowsStandalone target not found
Refreshing native plugins compatible for Editor in 0.92 ms, found 0 plugins.
Preloading 0 native plugins for Editor in 0.00 ms.
Invoked RoslynAnalysisRunner static constructor.
RoslynAnalysisRunner will not be running.
RoslynAnalysisRunner has terminated.
Mono: successfully reloaded assembly
- Completed reload, in  1.308 seconds
Platform modules already initialized, skipping
Shader 'Universal Render Pipeline/Particles/Lit': fallback shader 'Universal Render Pipeline/Particles/SimpleLit' not found
Refreshing native plugins compatible for Editor in 0.89 ms, found 0 plugins.
Preloading 0 native plugins for Editor in 0.00 ms.
Unloading 3514 Unused Serialized files (Serialized files now loaded: 0)
System memory in use before: 187.3 MB.
System memory in use after: 187.5 MB.

Unloading 7 unused Assets to reduce memory usage. Loaded Objects now: 4188.
Total: 3.066600 ms (FindLiveObjects: 0.471000 ms CreateObjectMapping: 0.173600 ms MarkObjects: 2.164300 ms  DeleteObjects: 0.256400 ms)

========================================================================
Received Prepare
Registering precompiled user dll's ...
Registered in 0.001359 seconds.
Begin MonoManager ReloadAssembly
Native extension for WindowsStandalone target not found
Refreshing native plugins compatible for Editor in 0.84 ms, found 0 plugins.
Preloading 0 native plugins for Editor in 0.00 ms.
Invoked RoslynAnalysisRunner static constructor.
RoslynAnalysisRunner will not be running.
RoslynAnalysisRunner has terminated.
Mono: successfully reloaded assembly
- Completed reload, in  1.285 seconds
Platform modules already initialized, skipping
Shader 'Universal Render Pipeline/Particles/Lit': fallback shader 'Universal Render Pipeline/Particles/SimpleLit' not found
Refreshing native plugins compatible for Editor in 1.15 ms, found 0 plugins.
Preloading 0 native plugins for Editor in 0.00 ms.
Unloading 3514 Unused Serialized files (Serialized files now loaded: 0)
System memory in use before: 187.4 MB.
System memory in use after: 187.6 MB.

Unloading 7 unused Assets to reduce memory usage. Loaded Objects now: 4190.
Total: 3.904800 ms (FindLiveObjects: 0.436600 ms CreateObjectMapping: 0.185600 ms MarkObjects: 3.058500 ms  DeleteObjects: 0.223100 ms)

========================================================================
Received Prepare
Registering precompiled user dll's ...
Registered in 0.001241 seconds.
Begin MonoManager ReloadAssembly
Native extension for WindowsStandalone target not found
Refreshing native plugins compatible for Editor in 1.02 ms, found 0 plugins.
Preloading 0 native plugins for Editor in 0.00 ms.
Invoked RoslynAnalysisRunner static constructor.
RoslynAnalysisRunner will not be running.
RoslynAnalysisRunner has terminated.
Mono: successfully reloaded assembly
- Completed reload, in  1.273 seconds
Platform modules already initialized, skipping
Shader 'Universal Render Pipeline/Particles/Lit': fallback shader 'Universal Render Pipeline/Particles/SimpleLit' not found
Refreshing native plugins compatible for Editor in 0.89 ms, found 0 plugins.
Preloading 0 native plugins for Editor in 0.00 ms.
Unloading 3515 Unused Serialized files (Serialized files now loaded: 0)
System memory in use before: 187.5 MB.
System memory in use after: 187.7 MB.

Unloading 7 unused Assets to reduce memory usage. Loaded Objects now: 4193.
Total: 2.756700 ms (FindLiveObjects: 0.386400 ms CreateObjectMapping: 0.173600 ms MarkObjects: 1.980200 ms  DeleteObjects: 0.215800 ms)

========================================================================
Received Import Request.
  path: Assets/Scripts/CargoDeliveryObjective.cs
  artifactKey: Guid(e7e2b878a068d1147a303b4449967fb4) Importer(815301076,1909f56bfc062723c751e8b465ee728b)
Start importing Assets/Scripts/CargoDeliveryObjective.cs using Guid(e7e2b878a068d1147a303b4449967fb4) Importer(815301076,1909f56bfc062723c751e8b465ee728b)  -> (artifact id: '37da33316daf4bb2d6e287dd5cdbf848') in 0.046220 seconds
  Import took 0.058435 seconds .

========================================================================
Received Prepare
Registering precompiled user dll's ...
Registered in 0.001794 seconds.
Begin MonoManager ReloadAssembly
Native extension for WindowsStandalone target not found
Refreshing native plugins compatible for Editor in 0.82 ms, found 0 plugins.
Preloading 0 native plugins for Editor in 0.00 ms.
Invoked RoslynAnalysisRunner static constructor.
RoslynAnalysisRunner will not be running.
RoslynAnalysisRunner has terminated.
Mono: successfully reloaded assembly
- Completed reload, in  1.292 seconds
Platform modules already initialized, skipping
Shader 'Universal Render Pipeline/Particles/Lit': fallback shader 'Universal Render Pipeline/Particles/SimpleLit' not found
Refreshing native plugins compatible for Editor in 0.93 ms, found 0 plugins.
Preloading 0 native plugins for Editor in 0.00 ms.
Unloading 3515 Unused Serialized files (Serialized files now loaded: 0)
System memory in use before: 187.6 MB.
System memory in use after: 187.7 MB.

Unloading 7 unused Assets to reduce memory usage. Loaded Objects now: 4195.
Total: 2.970900 ms (FindLiveObjects: 0.501900 ms CreateObjectMapping: 0.229800 ms MarkObjects: 1.986300 ms  DeleteObjects: 0.252300 ms)

========================================================================
Received Prepare
Registering precompiled user dll's ...
Registered in 0.001303 seconds.
Begin MonoManager ReloadAssembly
Native extension for WindowsStandalone target not found
Refreshing native plugins compatible for Editor in 0.85 ms, found 0 plugins.
Preloading 0 native plugins for Editor in 0.00 ms.
Invoked RoslynAnalysisRunner static constructor.
RoslynAnalysisRunner will not be running.
RoslynAnalysisRunner has terminated.
Mono: successfully reloaded assembly
- Completed reload, in  1.285 seconds
Platform modules already initialized, skipping
Shader 'Universal Render Pipeline/Particles/Lit': fallback shader 'Universal Render Pipeline/Particles/SimpleLit' not found
Refreshing native plugins compatible for Editor in 0.87 ms, found 0 plugins.
Preloading 0 native plugins for Editor in 0.00 ms.
Unloading 3515 Unused Serialized files (Serialized files now loaded: 0)
System memory in use before: 187.6 MB.
System memory in use after: 187.8 MB.

Unloading 7 unused Assets to reduce memory usage. Loaded Objects now: 4197.
Total: 3.716700 ms (FindLiveObjects: 0.561800 ms CreateObjectMapping: 0.232900 ms MarkObjects: 2.699000 ms  DeleteObjects: 0.221900 ms)

========================================================================
Received Prepare
Registering precompiled user dll's ...
Registered in 0.001349 seconds.
Begin MonoManager ReloadAssembly
Native extension for WindowsStandalone target not found
Refreshing native plugins compatible for Editor in 0.88 ms, found 0 plugins.
Preloading 0 native plugins for Editor in 0.00 ms.
Invoked RoslynAnalysisRunner static constructor.
RoslynAnalysisRunner will not be running.
RoslynAnalysisRunner has terminated.
Mono: successfully reloaded assembly
- Completed reload, in  1.275 seconds
Platform modules already initialized, skipping
Shader 'Universal Render Pipeline/Particles/Lit': fallback shader 'Universal Render Pipeline/Particles/SimpleLit' not found
Refreshing native plugins compatible for Editor in 0.84 ms, found 0 plugins.
Preloading 0 native plugins for Editor in 0.00 ms.
Unloading 3515 Unused Serialized files (Serialized files now loaded: 0)
System memory in use before: 187.6 MB.
System memory in use after: 187.8 MB.

Unloading 7 unused Assets to reduce memory usage. Loaded Objects now: 4199.
Total: 3.310700 ms (FindLiveObjects: 0.384100 ms CreateObjectMapping: 0.205800 ms MarkObjects: 2.489600 ms  DeleteObjects: 0.230300 ms)

========================================================================
Received Prepare
Registering precompiled user dll's ...
Registered in 0.001486 seconds.
Begin MonoManager ReloadAssembly
Native extension for WindowsStandalone target not found
Refreshing native plugins compatible for Editor in 0.89 ms, found 0 plugins.
Preloading 0 native plugins for Editor in 0.00 ms.
Invoked RoslynAnalysisRunner static constructor.
RoslynAnalysisRunner will not be running.
RoslynAnalysisRunner has terminated.
Mono: successfully reloaded assembly
- Completed reload, in  1.307 seconds
Platform modules already initialized, skipping
Shader 'Universal Render Pipeline/Particles/Lit': fallback shader 'Universal Render Pipeline/Particles/SimpleLit' not found
Refreshing native plugins compatible for Editor in 1.04 ms, found 0 plugins.
Preloading 0 native plugins for Editor in 0.00 ms.
Unloading 3515 Unused Serialized files (Serialized files now loaded: 0)
System memory in use before: 187.7 MB.
System memory in use after: 187.9 MB.

Unloading 7 unused Assets to reduce memory usage. Loaded Objects now: 4201.
Total: 2.662900 ms (FindLiveObjects: 0.346400 ms CreateObjectMapping: 0.143100 ms MarkObjects: 1.955800 ms  DeleteObjects: 0.216900 ms)

========================================================================
Received Import Request.
  Time since last request: 1996.568235 seconds.
  path: Packages/com.unity.render-pipelines.universal/Shaders/Terrain/TerrainLitInput.hlsl
  artifactKey: Guid(a817cb90496894b368593402e13b040c) Importer(815301076,1909f56bfc062723c751e8b465ee728b)
Start importing Packages/com.unity.render-pipelines.universal/Shaders/Terrain/TerrainLitInput.hlsl using Guid(a817cb90496894b368593402e13b040c) Importer(815301076,1909f56bfc062723c751e8b465ee728b)  -> (artifact id: 'ff32cb0c25b373e257811dc2601f28cf') in 0.078830 seconds
  Import took 0.089183 seconds .

========================================================================
Received Import Request.
  Time since last request: 1730.529112 seconds.
  path: Assets/img/Libby-Default.png
  artifactKey: Guid(a2f3deed798892d4aaf7dc162e935140) Importer(815301076,1909f56bfc062723c751e8b465ee728b)
Start importing Assets/img/Libby-Default.png using Guid(a2f3deed798892d4aaf7dc162e935140) Importer(815301076,1909f56bfc062723c751e8b465ee728b)  -> (artifact id: '06fb76ea046aeefd8affdcbc7d9b2073') in 0.118958 seconds
  Import took 0.125438 seconds .

========================================================================
Received Import Request.
  Time since last request: 8.463375 seconds.
  path: Assets/img/Libby-Default.png
  artifactKey: Guid(a2f3deed798892d4aaf7dc162e935140) Importer(815301076,1909f56bfc062723c751e8b465ee728b)
Start importing Assets/img/Libby-Default.png using Guid(a2f3deed798892d4aaf7dc162e935140) Importer(815301076,1909f56bfc062723c751e8b465ee728b)  -> (artifact id: 'e5cf57e30145bdb20bf077c1d5bcff52') in 0.080522 seconds
  Import took 0.086555 seconds .

========================================================================
Received Import Request.
  Time since last request: 54.460046 seconds.
  path: Assets/img/Libby-Default.png
  artifactKey: Guid(a2f3deed798892d4aaf7dc162e935140) Importer(815301076,1909f56bfc062723c751e8b465ee728b)
Start importing Assets/img/Libby-Default.png using Guid(a2f3deed798892d4aaf7dc162e935140) Importer(815301076,1909f56bfc062723c751e8b465ee728b)  -> (artifact id: '6c4992fad5d0823fa448308e7a550a74') in 0.015752 seconds
  Import took 0.022278 seconds .

========================================================================
Received Import Request.
  Time since last request: 2.697234 seconds.
  path: Assets/img/Libby-Default.png
  artifactKey: Guid(a2f3deed798892d4aaf7dc162e935140) Importer(815301076,1909f56bfc062723c751e8b465ee728b)
Start importing Assets/img/Libby-Default.png using Guid(a2f3deed798892d4aaf7dc162e935140) Importer(815301076,1909f56bfc062723c751e8b465ee728b)  -> (artifact id: '5fd6296a485221f43501f9c566379f0d') in 0.014162 seconds
  Import took 0.028284 seconds .

========================================================================
Received Import Request.
  Time since last request: 10.940427 seconds.
  path: Assets/img/Libby-Default.png
  artifactKey: Guid(a2f3deed798892d4aaf7dc162e935140) Importer(815301076,1909f56bfc062723c751e8b465ee728b)
Start importing Assets/img/Libby-Default.png using Guid(a2f3deed798892d4aaf7dc162e935140) Importer(815301076,1909f56bfc062723c751e8b465ee728b)  -> (artifact id: '27794bd8cad1d3d518bb6c094515f674') in 0.014801 seconds
  Import took 0.020895 seconds .

========================================================================
Received Import Request.
  Time since last request: 3.393143 seconds.
  path: Assets/img/Libby-Default.png
  artifactKey: Guid(a2f3deed798892d4aaf7dc162e935140) Importer(815301076,1909f56bfc062723c751e8b465ee728b)
Start importing Assets/img/Libby-Default.png using Guid(a2f3deed798892d4aaf7dc162e935140) Importer(815301076,1909f56bfc062723c751e8b465ee728b)  -> (artifact id: '0315b899ec80662fc230deb578c194dc') in 0.014228 seconds
  Import took 0.020142 seconds .

========================================================================
Received Prepare
Registering precompiled user dll's ...
Registered in 0.001306 seconds.
Begin MonoManager ReloadAssembly
Native extension for WindowsStandalone target not found
Refreshing native plugins compatible for Editor in 0.87 ms, found 0 plugins.
Preloading 0 native plugins for Editor in 0.00 ms.
Invoked RoslynAnalysisRunner static constructor.
RoslynAnalysisRunner will not be running.
RoslynAnalysisRunner has terminated.
Mono: successfully reloaded assembly
- Completed reload, in  1.399 seconds
Platform modules already initialized, skipping
Shader 'Universal Render Pipeline/Particles/Lit': fallback shader 'Universal Render Pipeline/Particles/SimpleLit' not found
Refreshing native plugins compatible for Editor in 1.10 ms, found 0 plugins.
Preloading 0 native plugins for Editor in 0.00 ms.
Unloading 3515 Unused Serialized files (Serialized files now loaded: 0)
System memory in use before: 190.7 MB.
System memory in use after: 190.8 MB.

Unloading 7 unused Assets to reduce memory usage. Loaded Objects now: 4209.
Total: 3.063400 ms (FindLiveObjects: 0.424800 ms CreateObjectMapping: 0.178300 ms MarkObjects: 2.231200 ms  DeleteObjects: 0.228200 ms)

========================================================================
Received Import Request.
  Time since last request: 485.508581 seconds.
  path: Assets/img/Libby-Default.png
  artifactKey: Guid(a2f3deed798892d4aaf7dc162e935140) Importer(815301076,1909f56bfc062723c751e8b465ee728b)
Start importing Assets/img/Libby-Default.png using Guid(a2f3deed798892d4aaf7dc162e935140) Importer(815301076,1909f56bfc062723c751e8b465ee728b)  -> (artifact id: 'dae9f5b4e4ffb9a79e56dc3a4231c7d2') in 0.056476 seconds
  Import took 0.063574 seconds .

========================================================================
Received Import Request.
  Time since last request: 0.002194 seconds.
  path: Assets/img/Libby-Default.png
  artifactKey: Guid(a2f3deed798892d4aaf7dc162e935140) Importer(815301076,1909f56bfc062723c751e8b465ee728b)
Start importing Assets/img/Libby-Default.png using Guid(a2f3deed798892d4aaf7dc162e935140) Importer(815301076,1909f56bfc062723c751e8b465ee728b)  -> (artifact id: 'dae9f5b4e4ffb9a79e56dc3a4231c7d2') in 0.011528 seconds
  Import took 0.016966 seconds .

========================================================================
Received Import Request.
  Time since last request: 175.406864 seconds.
  path: Assets/Prefabs/ConversationCanvas 1.prefab
  artifactKey: Guid(fe61a0d03daf0d242bb4194f0e31d8e5) Importer(815301076,1909f56bfc062723c751e8b465ee728b)
Start importing Assets/Prefabs/ConversationCanvas 1.prefab using Guid(fe61a0d03daf0d242bb4194f0e31d8e5) Importer(815301076,1909f56bfc062723c751e8b465ee728b)  -> (artifact id: '1af8ac55a5e5a05a55249f8152362af4') in 0.037647 seconds
  Import took 0.045007 seconds .

========================================================================
Received Import Request.
  Time since last request: 0.002177 seconds.
  path: Assets/Prefabs/ConversationCanvas 1.prefab
  artifactKey: Guid(fe61a0d03daf0d242bb4194f0e31d8e5) Importer(815301076,1909f56bfc062723c751e8b465ee728b)
Start importing Assets/Prefabs/ConversationCanvas 1.prefab using Guid(fe61a0d03daf0d242bb4194f0e31d8e5) Importer(815301076,1909f56bfc062723c751e8b465ee728b)  -> (artifact id: '1af8ac55a5e5a05a55249f8152362af4') in 0.006090 seconds
  Import took 0.011675 seconds .

========================================================================
Received Import Request.
  Time since last request: 400.877599 seconds.
  path: Assets/Prefabs/ConversationCanvas 1.prefab
  artifactKey: Guid(fe61a0d03daf0d242bb4194f0e31d8e5) Importer(815301076,1909f56bfc062723c751e8b465ee728b)
Start importing Assets/Prefabs/ConversationCanvas 1.prefab using Guid(fe61a0d03daf0d242bb4194f0e31d8e5) Importer(815301076,1909f56bfc062723c751e8b465ee728b)  -> (artifact id: '04d308ace45c089c9267ec4efcbff611') in 0.006073 seconds
  Import took 0.017719 seconds .

========================================================================
Received Prepare
Registering precompiled user dll's ...
Registered in 0.001505 seconds.
Begin MonoManager ReloadAssembly
Native extension for WindowsStandalone target not found
Refreshing native plugins compatible for Editor in 0.83 ms, found 0 plugins.
Preloading 0 native plugins for Editor in 0.00 ms.
Invoked RoslynAnalysisRunner static constructor.
RoslynAnalysisRunner will not be running.
RoslynAnalysisRunner has terminated.
Mono: successfully reloaded assembly
- Completed reload, in  1.446 seconds
Platform modules already initialized, skipping
Shader 'Universal Render Pipeline/Particles/Lit': fallback shader 'Universal Render Pipeline/Particles/SimpleLit' not found
Refreshing native plugins compatible for Editor in 0.94 ms, found 0 plugins.
Preloading 0 native plugins for Editor in 0.00 ms.
Unloading 3515 Unused Serialized files (Serialized files now loaded: 0)
System memory in use before: 190.7 MB.
System memory in use after: 190.9 MB.

Unloading 7 unused Assets to reduce memory usage. Loaded Objects now: 4212.
Total: 3.567100 ms (FindLiveObjects: 0.464800 ms CreateObjectMapping: 0.207600 ms MarkObjects: 2.659200 ms  DeleteObjects: 0.234000 ms)

