Using pre-set license
Built from '2020.2/release' branch; Version is '2020.2.2f1 (068178b99f32) revision 426360'; Using compiler version '192528614'; Build Type 'Release'
OS: 'Windows 10 Home; OS build 19042.804; Version 2009; 64bit' Language: 'en' Physical Memory: 16303 MB
BatchMode: 1, IsHumanControllingUs: 0, StartBugReporterOnCrash: 0, Is64bit: 1, IsPro: 0

 COMMAND LINE ARGUMENTS:
C:\Program Files\Unity\Hub\Editor\2020.2.2f1\Editor\Unity.exe
-adb2
-batchMode
-noUpm
-name
AssetImportWorker0
-projectPath
C:/Github/VTOLUnity
-logFile
Logs/AssetImportWorker0.log
-srvPort
58325
Successfully changed project path to: C:/Github/VTOLUnity
C:/Github/VTOLUnity
Using Asset Import Pipeline V2.
Refreshing native plugins compatible for Editor in 84.29 ms, found 0 plugins.
Preloading 0 native plugins for Editor in 0.00 ms.
Initialize engine version: 2020.2.2f1 (068178b99f32)
[Subsystems] Discovering subsystems at path C:/Program Files/Unity/Hub/Editor/2020.2.2f1/Editor/Data/Resources/UnitySubsystems
[Subsystems] Discovering subsystems at path C:/Github/VTOLUnity/Assets
GfxDevice: creating device client; threaded=0
Direct3D:
    Version:  Direct3D 11.0 [level 11.1]
    Renderer: NVIDIA GeForce RTX 2060 SUPER (ID=0x1f06)
    Vendor:   
    VRAM:     8031 MB
    Driver:   27.21.14.5671
Shader 'Universal Render Pipeline/Particles/Lit': fallback shader 'Universal Render Pipeline/Particles/SimpleLit' not found
Initialize mono
Mono path[0] = 'C:/Program Files/Unity/Hub/Editor/2020.2.2f1/Editor/Data/Managed'
Mono path[1] = 'C:/Program Files/Unity/Hub/Editor/2020.2.2f1/Editor/Data/MonoBleedingEdge/lib/mono/unityjit'
Mono config path = 'C:/Program Files/Unity/Hub/Editor/2020.2.2f1/Editor/Data/MonoBleedingEdge/etc'
Using monoOptions --debugger-agent=transport=dt_socket,embedding=1,server=y,suspend=n,address=127.0.0.1:56720
Begin MonoManager ReloadAssembly
Registering precompiled unity dll's ...
Register platform support module: C:/Program Files/Unity/Hub/Editor/2020.2.2f1/Editor/Data/PlaybackEngines/WindowsStandaloneSupport/UnityEditor.WindowsStandalone.Extensions.dll
Registered in 0.001501 seconds.
Native extension for WindowsStandalone target not found
Refreshing native plugins compatible for Editor in 93.44 ms, found 0 plugins.
Preloading 0 native plugins for Editor in 0.00 ms.
Invoked RoslynAnalysisRunner static constructor.
RoslynAnalysisRunner will not be running.
RoslynAnalysisRunner has terminated.
Mono: successfully reloaded assembly
- Completed reload, in  1.188 seconds
Platform modules already initialized, skipping
Registering precompiled user dll's ...
Registered in 0.001631 seconds.
Begin MonoManager ReloadAssembly
Native extension for WindowsStandalone target not found
Refreshing native plugins compatible for Editor in 92.17 ms, found 0 plugins.
Preloading 0 native plugins for Editor in 0.00 ms.
Invoked RoslynAnalysisRunner static constructor.
RoslynAnalysisRunner will not be running.
RoslynAnalysisRunner has terminated.
Mono: successfully reloaded assembly
- Completed reload, in  1.543 seconds
Platform modules already initialized, skipping
========================================================================
Worker process is ready to serve import requests
Shader 'Universal Render Pipeline/Particles/Lit': fallback shader 'Universal Render Pipeline/Particles/SimpleLit' not found
Launched and connected shader compiler UnityShaderCompiler.exe after 0.03 seconds
Refreshing native plugins compatible for Editor in 0.86 ms, found 0 plugins.
Preloading 0 native plugins for Editor in 0.00 ms.
Unloading 3711 Unused Serialized files (Serialized files now loaded: 0)
System memory in use before: 184.6 MB.
System memory in use after: 184.8 MB.

Unloading 24 unused Assets to reduce memory usage. Loaded Objects now: 4201.
Total: 2.826200 ms (FindLiveObjects: 0.399000 ms CreateObjectMapping: 0.202300 ms MarkObjects: 2.096400 ms  DeleteObjects: 0.127800 ms)

========================================================================
Received Import Request.
  path: Assets/Materials/Scanner.mat
  artifactKey: Guid(492c6c6d373299f49b80bc6888af8683) Importer(815301076,1909f56bfc062723c751e8b465ee728b)
Start importing Assets/Materials/Scanner.mat using Guid(492c6c6d373299f49b80bc6888af8683) Importer(815301076,1909f56bfc062723c751e8b465ee728b)  -> (artifact id: '0b1a4572e1d9ab2118fc5faf6c856f2e') in 0.198064 seconds
  Import took 0.203784 seconds .

========================================================================
Received Prepare
Registering precompiled user dll's ...
Registered in 0.001592 seconds.
Begin MonoManager ReloadAssembly
Native extension for WindowsStandalone target not found
Refreshing native plugins compatible for Editor in 0.90 ms, found 0 plugins.
Preloading 0 native plugins for Editor in 0.00 ms.
Invoked RoslynAnalysisRunner static constructor.
RoslynAnalysisRunner will not be running.
RoslynAnalysisRunner has terminated.
Mono: successfully reloaded assembly
- Completed reload, in  1.429 seconds
Platform modules already initialized, skipping
Shader 'Universal Render Pipeline/Particles/Lit': fallback shader 'Universal Render Pipeline/Particles/SimpleLit' not found
Refreshing native plugins compatible for Editor in 0.91 ms, found 0 plugins.
Preloading 0 native plugins for Editor in 0.00 ms.
Unloading 3524 Unused Serialized files (Serialized files now loaded: 0)
System memory in use before: 179.0 MB.
System memory in use after: 179.2 MB.

Unloading 7 unused Assets to reduce memory usage. Loaded Objects now: 4288.
Total: 3.418600 ms (FindLiveObjects: 0.465700 ms CreateObjectMapping: 0.222500 ms MarkObjects: 2.591300 ms  DeleteObjects: 0.137800 ms)

========================================================================
Received Prepare
Registering precompiled user dll's ...
Registered in 0.001695 seconds.
Begin MonoManager ReloadAssembly
Native extension for WindowsStandalone target not found
Refreshing native plugins compatible for Editor in 1.22 ms, found 0 plugins.
Preloading 0 native plugins for Editor in 0.00 ms.
Invoked RoslynAnalysisRunner static constructor.
RoslynAnalysisRunner will not be running.
RoslynAnalysisRunner has terminated.
Mono: successfully reloaded assembly
- Completed reload, in  1.452 seconds
Platform modules already initialized, skipping
Shader 'Universal Render Pipeline/Particles/Lit': fallback shader 'Universal Render Pipeline/Particles/SimpleLit' not found
Refreshing native plugins compatible for Editor in 0.81 ms, found 0 plugins.
Preloading 0 native plugins for Editor in 0.00 ms.
Unloading 3524 Unused Serialized files (Serialized files now loaded: 0)
System memory in use before: 179.1 MB.
System memory in use after: 179.3 MB.

Unloading 7 unused Assets to reduce memory usage. Loaded Objects now: 4291.
Total: 3.077800 ms (FindLiveObjects: 0.572500 ms CreateObjectMapping: 0.193500 ms MarkObjects: 2.207200 ms  DeleteObjects: 0.103100 ms)

========================================================================
Received Prepare
Registering precompiled user dll's ...
Registered in 0.001748 seconds.
Begin MonoManager ReloadAssembly
Native extension for WindowsStandalone target not found
Refreshing native plugins compatible for Editor in 0.89 ms, found 0 plugins.
Preloading 0 native plugins for Editor in 0.00 ms.
Invoked RoslynAnalysisRunner static constructor.
RoslynAnalysisRunner will not be running.
RoslynAnalysisRunner has terminated.
Mono: successfully reloaded assembly
- Completed reload, in  1.562 seconds
Platform modules already initialized, skipping
Shader 'Universal Render Pipeline/Particles/Lit': fallback shader 'Universal Render Pipeline/Particles/SimpleLit' not found
Refreshing native plugins compatible for Editor in 1.05 ms, found 0 plugins.
Preloading 0 native plugins for Editor in 0.00 ms.
Unloading 3527 Unused Serialized files (Serialized files now loaded: 0)
System memory in use before: 179.4 MB.
System memory in use after: 179.6 MB.

Unloading 9 unused Assets to reduce memory usage. Loaded Objects now: 4295.
Total: 3.014700 ms (FindLiveObjects: 0.523600 ms CreateObjectMapping: 0.215900 ms MarkObjects: 2.144800 ms  DeleteObjects: 0.129200 ms)

========================================================================
Received Import Request.
  Time since last request: 1754.901175 seconds.
  path: Assets/QuickOutline/Readme.txt
  artifactKey: Guid(5933bfd39d7a5b843a0ed821f85bca19) Importer(815301076,1909f56bfc062723c751e8b465ee728b)
Start importing Assets/QuickOutline/Readme.txt using Guid(5933bfd39d7a5b843a0ed821f85bca19) Importer(815301076,1909f56bfc062723c751e8b465ee728b)  -> (artifact id: '58110c5f7fcba0c8ab9d2be8ca09050a') in 0.050510 seconds
  Import took 0.056084 seconds .

========================================================================
Received Import Request.
  Time since last request: 14.673778 seconds.
  path: Assets/QuickOutline/Scripts
  artifactKey: Guid(3ddbd65d69a9f0b48bab4fe96a1fe099) Importer(815301076,1909f56bfc062723c751e8b465ee728b)
Start importing Assets/QuickOutline/Scripts using Guid(3ddbd65d69a9f0b48bab4fe96a1fe099) Importer(815301076,1909f56bfc062723c751e8b465ee728b)  -> (artifact id: '4bb9fe912d6c327ff55feb66315867bc') in 0.010029 seconds
  Import took 0.015603 seconds .

========================================================================
Received Import Request.
  Time since last request: 0.006096 seconds.
  path: Assets/QuickOutline/Scripts
  artifactKey: Guid(3ddbd65d69a9f0b48bab4fe96a1fe099) Importer(815301076,1909f56bfc062723c751e8b465ee728b)
Start importing Assets/QuickOutline/Scripts using Guid(3ddbd65d69a9f0b48bab4fe96a1fe099) Importer(815301076,1909f56bfc062723c751e8b465ee728b)  -> (artifact id: '4bb9fe912d6c327ff55feb66315867bc') in 0.002166 seconds
  Import took 0.007551 seconds .

========================================================================
Received Import Request.
  Time since last request: 355.268425 seconds.
  path: Assets/QuickOutline/Resources/Shaders/OutlineFill.shader
  artifactKey: Guid(4e76d4023d7e0411297c670f878973e2) Importer(815301076,1909f56bfc062723c751e8b465ee728b)
Start importing Assets/QuickOutline/Resources/Shaders/OutlineFill.shader using Guid(4e76d4023d7e0411297c670f878973e2) Importer(815301076,1909f56bfc062723c751e8b465ee728b)  -> (artifact id: '66704b0f4be139a094081a0799b30678') in 0.008170 seconds
  Import took 0.014760 seconds .

========================================================================
Received Import Request.
  Time since last request: 0.002914 seconds.
  path: Assets/QuickOutline/Resources/Shaders/OutlineFill.shader
  artifactKey: Guid(4e76d4023d7e0411297c670f878973e2) Importer(815301076,1909f56bfc062723c751e8b465ee728b)
Start importing Assets/QuickOutline/Resources/Shaders/OutlineFill.shader using Guid(4e76d4023d7e0411297c670f878973e2) Importer(815301076,1909f56bfc062723c751e8b465ee728b)  -> (artifact id: '66704b0f4be139a094081a0799b30678') in 0.003217 seconds
  Import took 0.008947 seconds .

========================================================================
Received Prepare
Registering precompiled user dll's ...
Registered in 0.001613 seconds.
Begin MonoManager ReloadAssembly
Native extension for WindowsStandalone target not found
Refreshing native plugins compatible for Editor in 0.88 ms, found 0 plugins.
Preloading 0 native plugins for Editor in 0.00 ms.
Invoked RoslynAnalysisRunner static constructor.
RoslynAnalysisRunner will not be running.
RoslynAnalysisRunner has terminated.
Mono: successfully reloaded assembly
- Completed reload, in  1.421 seconds
Platform modules already initialized, skipping
Shader 'Universal Render Pipeline/Particles/Lit': fallback shader 'Universal Render Pipeline/Particles/SimpleLit' not found
Refreshing native plugins compatible for Editor in 0.86 ms, found 0 plugins.
Preloading 0 native plugins for Editor in 0.00 ms.
Unloading 3527 Unused Serialized files (Serialized files now loaded: 0)
System memory in use before: 179.5 MB.
System memory in use after: 179.6 MB.

Unloading 9 unused Assets to reduce memory usage. Loaded Objects now: 4298.
Total: 2.772400 ms (FindLiveObjects: 0.358400 ms CreateObjectMapping: 0.164000 ms MarkObjects: 2.117400 ms  DeleteObjects: 0.131400 ms)

========================================================================
Received Import Request.
  Time since last request: 11.647246 seconds.
  path: Assets/QuickOutline/Resources/Shaders/OutlineMask.shader
  artifactKey: Guid(341b058cd7dee4f5cba5cc59a513619e) Importer(815301076,1909f56bfc062723c751e8b465ee728b)
Start importing Assets/QuickOutline/Resources/Shaders/OutlineMask.shader using Guid(341b058cd7dee4f5cba5cc59a513619e) Importer(815301076,1909f56bfc062723c751e8b465ee728b)  -> (artifact id: '0f9540f1c03570c6bc5643eafbda246a') in 0.044285 seconds
  Import took 0.050365 seconds .

========================================================================
Received Prepare
Registering precompiled user dll's ...
Registered in 0.001638 seconds.
Begin MonoManager ReloadAssembly
Native extension for WindowsStandalone target not found
Refreshing native plugins compatible for Editor in 0.88 ms, found 0 plugins.
Preloading 0 native plugins for Editor in 0.00 ms.
Invoked RoslynAnalysisRunner static constructor.
RoslynAnalysisRunner will not be running.
RoslynAnalysisRunner has terminated.
Mono: successfully reloaded assembly
- Completed reload, in  1.397 seconds
Platform modules already initialized, skipping
Shader 'Universal Render Pipeline/Particles/Lit': fallback shader 'Universal Render Pipeline/Particles/SimpleLit' not found
Refreshing native plugins compatible for Editor in 0.83 ms, found 0 plugins.
Preloading 0 native plugins for Editor in 0.00 ms.
Unloading 3527 Unused Serialized files (Serialized files now loaded: 0)
System memory in use before: 179.5 MB.
System memory in use after: 179.7 MB.

Unloading 9 unused Assets to reduce memory usage. Loaded Objects now: 4301.
Total: 3.050300 ms (FindLiveObjects: 0.468900 ms CreateObjectMapping: 0.216100 ms MarkObjects: 2.228600 ms  DeleteObjects: 0.135600 ms)

========================================================================
Received Import Request.
  Time since last request: 685.049601 seconds.
  path: Assets/QuickOutline/Scripts/Outline.cs
  artifactKey: Guid(5fea29bb7c508c244a1f805a5fd3fc4d) Importer(815301076,1909f56bfc062723c751e8b465ee728b)
Start importing Assets/QuickOutline/Scripts/Outline.cs using Guid(5fea29bb7c508c244a1f805a5fd3fc4d) Importer(815301076,1909f56bfc062723c751e8b465ee728b)  -> (artifact id: 'a0e91c66813c8a63c1811d6772f77038') in 0.012757 seconds
  Import took 0.018245 seconds .

========================================================================
Received Prepare
Registering precompiled user dll's ...
Registered in 0.001673 seconds.
Begin MonoManager ReloadAssembly
Native extension for WindowsStandalone target not found
Refreshing native plugins compatible for Editor in 0.95 ms, found 0 plugins.
Preloading 0 native plugins for Editor in 0.00 ms.
Invoked RoslynAnalysisRunner static constructor.
RoslynAnalysisRunner will not be running.
RoslynAnalysisRunner has terminated.
Mono: successfully reloaded assembly
- Completed reload, in  1.325 seconds
Platform modules already initialized, skipping
Shader 'Universal Render Pipeline/Particles/Lit': fallback shader 'Universal Render Pipeline/Particles/SimpleLit' not found
Refreshing native plugins compatible for Editor in 0.86 ms, found 0 plugins.
Preloading 0 native plugins for Editor in 0.00 ms.
Unloading 3527 Unused Serialized files (Serialized files now loaded: 0)
System memory in use before: 179.6 MB.
System memory in use after: 179.7 MB.

Unloading 9 unused Assets to reduce memory usage. Loaded Objects now: 4304.
Total: 3.178100 ms (FindLiveObjects: 0.396800 ms CreateObjectMapping: 0.185000 ms MarkObjects: 2.456900 ms  DeleteObjects: 0.138400 ms)

========================================================================
Received Prepare
Registering precompiled user dll's ...
Registered in 0.001587 seconds.
Begin MonoManager ReloadAssembly
Native extension for WindowsStandalone target not found
Refreshing native plugins compatible for Editor in 0.86 ms, found 0 plugins.
Preloading 0 native plugins for Editor in 0.00 ms.
Invoked RoslynAnalysisRunner static constructor.
RoslynAnalysisRunner will not be running.
RoslynAnalysisRunner has terminated.
Mono: successfully reloaded assembly
- Completed reload, in  1.334 seconds
Platform modules already initialized, skipping
Shader 'Universal Render Pipeline/Particles/Lit': fallback shader 'Universal Render Pipeline/Particles/SimpleLit' not found
Refreshing native plugins compatible for Editor in 0.81 ms, found 0 plugins.
Preloading 0 native plugins for Editor in 0.00 ms.
Unloading 3527 Unused Serialized files (Serialized files now loaded: 0)
System memory in use before: 179.6 MB.
System memory in use after: 179.8 MB.

Unloading 9 unused Assets to reduce memory usage. Loaded Objects now: 4307.
Total: 2.992800 ms (FindLiveObjects: 0.439000 ms CreateObjectMapping: 0.179900 ms MarkObjects: 2.225000 ms  DeleteObjects: 0.147700 ms)

========================================================================
Received Prepare
Registering precompiled user dll's ...
Registered in 0.001699 seconds.
Begin MonoManager ReloadAssembly
Native extension for WindowsStandalone target not found
Refreshing native plugins compatible for Editor in 0.88 ms, found 0 plugins.
Preloading 0 native plugins for Editor in 0.00 ms.
Invoked RoslynAnalysisRunner static constructor.
RoslynAnalysisRunner will not be running.
RoslynAnalysisRunner has terminated.
Mono: successfully reloaded assembly
- Completed reload, in  1.356 seconds
Platform modules already initialized, skipping
Shader 'Universal Render Pipeline/Particles/Lit': fallback shader 'Universal Render Pipeline/Particles/SimpleLit' not found
Refreshing native plugins compatible for Editor in 0.80 ms, found 0 plugins.
Preloading 0 native plugins for Editor in 0.00 ms.
Unloading 3527 Unused Serialized files (Serialized files now loaded: 0)
System memory in use before: 179.6 MB.
System memory in use after: 179.8 MB.

Unloading 9 unused Assets to reduce memory usage. Loaded Objects now: 4310.
Total: 4.106300 ms (FindLiveObjects: 0.485600 ms CreateObjectMapping: 0.187600 ms MarkObjects: 3.288000 ms  DeleteObjects: 0.143900 ms)

========================================================================
Received Prepare
Registering precompiled user dll's ...
Registered in 0.001519 seconds.
Begin MonoManager ReloadAssembly
Native extension for WindowsStandalone target not found
Refreshing native plugins compatible for Editor in 0.84 ms, found 0 plugins.
Preloading 0 native plugins for Editor in 0.00 ms.
Invoked RoslynAnalysisRunner static constructor.
RoslynAnalysisRunner will not be running.
RoslynAnalysisRunner has terminated.
Mono: successfully reloaded assembly
- Completed reload, in  1.299 seconds
Platform modules already initialized, skipping
Shader 'Universal Render Pipeline/Particles/Lit': fallback shader 'Universal Render Pipeline/Particles/SimpleLit' not found
Refreshing native plugins compatible for Editor in 0.82 ms, found 0 plugins.
Preloading 0 native plugins for Editor in 0.00 ms.
Unloading 3527 Unused Serialized files (Serialized files now loaded: 0)
System memory in use before: 179.7 MB.
System memory in use after: 179.8 MB.

Unloading 9 unused Assets to reduce memory usage. Loaded Objects now: 4313.
Total: 2.560300 ms (FindLiveObjects: 0.353900 ms CreateObjectMapping: 0.158300 ms MarkObjects: 1.910700 ms  DeleteObjects: 0.136600 ms)

========================================================================
Received Prepare
Registering precompiled user dll's ...
Registered in 0.001530 seconds.
Begin MonoManager ReloadAssembly
Native extension for WindowsStandalone target not found
Refreshing native plugins compatible for Editor in 0.86 ms, found 0 plugins.
Preloading 0 native plugins for Editor in 0.00 ms.
Invoked RoslynAnalysisRunner static constructor.
RoslynAnalysisRunner will not be running.
RoslynAnalysisRunner has terminated.
Mono: successfully reloaded assembly
- Completed reload, in  1.308 seconds
Platform modules already initialized, skipping
Shader 'Universal Render Pipeline/Particles/Lit': fallback shader 'Universal Render Pipeline/Particles/SimpleLit' not found
Refreshing native plugins compatible for Editor in 0.81 ms, found 0 plugins.
Preloading 0 native plugins for Editor in 0.00 ms.
Unloading 3527 Unused Serialized files (Serialized files now loaded: 0)
System memory in use before: 179.7 MB.
System memory in use after: 179.9 MB.

Unloading 9 unused Assets to reduce memory usage. Loaded Objects now: 4316.
Total: 3.174200 ms (FindLiveObjects: 0.387000 ms CreateObjectMapping: 0.165500 ms MarkObjects: 2.476900 ms  DeleteObjects: 0.143600 ms)

========================================================================
Received Prepare
Registering precompiled user dll's ...
Registered in 0.001748 seconds.
Begin MonoManager ReloadAssembly
Native extension for WindowsStandalone target not found
Refreshing native plugins compatible for Editor in 0.86 ms, found 0 plugins.
Preloading 0 native plugins for Editor in 0.00 ms.
Invoked RoslynAnalysisRunner static constructor.
RoslynAnalysisRunner will not be running.
RoslynAnalysisRunner has terminated.
Mono: successfully reloaded assembly
- Completed reload, in  1.354 seconds
Platform modules already initialized, skipping
Shader 'Universal Render Pipeline/Particles/Lit': fallback shader 'Universal Render Pipeline/Particles/SimpleLit' not found
Refreshing native plugins compatible for Editor in 0.86 ms, found 0 plugins.
Preloading 0 native plugins for Editor in 0.00 ms.
Unloading 3527 Unused Serialized files (Serialized files now loaded: 0)
System memory in use before: 179.8 MB.
System memory in use after: 179.9 MB.

Unloading 9 unused Assets to reduce memory usage. Loaded Objects now: 4319.
Total: 3.331900 ms (FindLiveObjects: 0.514700 ms CreateObjectMapping: 0.199300 ms MarkObjects: 2.455300 ms  DeleteObjects: 0.161300 ms)

========================================================================
Received Prepare
Registering precompiled user dll's ...
Registered in 0.001967 seconds.
Begin MonoManager ReloadAssembly
Native extension for WindowsStandalone target not found
Refreshing native plugins compatible for Editor in 0.87 ms, found 0 plugins.
Preloading 0 native plugins for Editor in 0.00 ms.
Invoked RoslynAnalysisRunner static constructor.
RoslynAnalysisRunner will not be running.
RoslynAnalysisRunner has terminated.
Mono: successfully reloaded assembly
- Completed reload, in  1.374 seconds
Platform modules already initialized, skipping
Shader 'Universal Render Pipeline/Particles/Lit': fallback shader 'Universal Render Pipeline/Particles/SimpleLit' not found
Refreshing native plugins compatible for Editor in 0.84 ms, found 0 plugins.
Preloading 0 native plugins for Editor in 0.00 ms.
Unloading 3527 Unused Serialized files (Serialized files now loaded: 0)
System memory in use before: 179.8 MB.
System memory in use after: 180.0 MB.

Unloading 9 unused Assets to reduce memory usage. Loaded Objects now: 4322.
Total: 3.549800 ms (FindLiveObjects: 0.415000 ms CreateObjectMapping: 0.155100 ms MarkObjects: 2.807500 ms  DeleteObjects: 0.171300 ms)

========================================================================
Received Prepare
Registering precompiled user dll's ...
Registered in 0.001746 seconds.
Begin MonoManager ReloadAssembly
Native extension for WindowsStandalone target not found
Refreshing native plugins compatible for Editor in 0.87 ms, found 0 plugins.
Preloading 0 native plugins for Editor in 0.00 ms.
Invoked RoslynAnalysisRunner static constructor.
RoslynAnalysisRunner will not be running.
RoslynAnalysisRunner has terminated.
Mono: successfully reloaded assembly
- Completed reload, in  1.390 seconds
Platform modules already initialized, skipping
Shader 'Universal Render Pipeline/Particles/Lit': fallback shader 'Universal Render Pipeline/Particles/SimpleLit' not found
Refreshing native plugins compatible for Editor in 0.92 ms, found 0 plugins.
Preloading 0 native plugins for Editor in 0.00 ms.
Unloading 3527 Unused Serialized files (Serialized files now loaded: 0)
System memory in use before: 179.8 MB.
System memory in use after: 180.0 MB.

Unloading 9 unused Assets to reduce memory usage. Loaded Objects now: 4325.
Total: 2.873200 ms (FindLiveObjects: 0.391200 ms CreateObjectMapping: 0.166900 ms MarkObjects: 2.171900 ms  DeleteObjects: 0.142400 ms)

========================================================================
Received Prepare
Registering precompiled user dll's ...
Registered in 0.001610 seconds.
Begin MonoManager ReloadAssembly
Native extension for WindowsStandalone target not found
Refreshing native plugins compatible for Editor in 0.87 ms, found 0 plugins.
Preloading 0 native plugins for Editor in 0.00 ms.
Invoked RoslynAnalysisRunner static constructor.
RoslynAnalysisRunner will not be running.
RoslynAnalysisRunner has terminated.
Mono: successfully reloaded assembly
- Completed reload, in  1.382 seconds
Platform modules already initialized, skipping
Shader 'Universal Render Pipeline/Particles/Lit': fallback shader 'Universal Render Pipeline/Particles/SimpleLit' not found
Refreshing native plugins compatible for Editor in 0.84 ms, found 0 plugins.
Preloading 0 native plugins for Editor in 0.00 ms.
Unloading 3527 Unused Serialized files (Serialized files now loaded: 0)
System memory in use before: 179.9 MB.
System memory in use after: 180.0 MB.

Unloading 9 unused Assets to reduce memory usage. Loaded Objects now: 4328.
Total: 2.767900 ms (FindLiveObjects: 0.396600 ms CreateObjectMapping: 0.163800 ms MarkObjects: 2.081800 ms  DeleteObjects: 0.124800 ms)

========================================================================
Received Prepare
Registering precompiled user dll's ...
Registered in 0.001569 seconds.
Begin MonoManager ReloadAssembly
Native extension for WindowsStandalone target not found
Refreshing native plugins compatible for Editor in 0.84 ms, found 0 plugins.
Preloading 0 native plugins for Editor in 0.00 ms.
Invoked RoslynAnalysisRunner static constructor.
RoslynAnalysisRunner will not be running.
RoslynAnalysisRunner has terminated.
Mono: successfully reloaded assembly
- Completed reload, in  1.366 seconds
Platform modules already initialized, skipping
Shader 'Universal Render Pipeline/Particles/Lit': fallback shader 'Universal Render Pipeline/Particles/SimpleLit' not found
Refreshing native plugins compatible for Editor in 0.91 ms, found 0 plugins.
Preloading 0 native plugins for Editor in 0.00 ms.
Unloading 3527 Unused Serialized files (Serialized files now loaded: 0)
System memory in use before: 179.9 MB.
System memory in use after: 180.1 MB.

Unloading 9 unused Assets to reduce memory usage. Loaded Objects now: 4331.
Total: 2.713800 ms (FindLiveObjects: 0.355700 ms CreateObjectMapping: 0.174400 ms MarkObjects: 2.052500 ms  DeleteObjects: 0.130200 ms)

========================================================================
Received Import Request.
  Time since last request: 1173.920701 seconds.
  path: Assets/QuickOutline/Samples/Materials/Plane.mat
  artifactKey: Guid(f58cf65ea995c4b45be95713bdea8134) Importer(815301076,1909f56bfc062723c751e8b465ee728b)
Start importing Assets/QuickOutline/Samples/Materials/Plane.mat using Guid(f58cf65ea995c4b45be95713bdea8134) Importer(815301076,1909f56bfc062723c751e8b465ee728b)  -> (artifact id: 'a13917a8100c9c696712b6ee98d5ef4c') in 0.192553 seconds
  Import took 0.198842 seconds .

========================================================================
Received Import Request.
  Time since last request: 0.000152 seconds.
  path: Assets/Materials/PlaygroundBlocks.mat
  artifactKey: Guid(4148d281f67afbd4899e88f6bf2140d1) Importer(815301076,1909f56bfc062723c751e8b465ee728b)
Start importing Assets/Materials/PlaygroundBlocks.mat using Guid(4148d281f67afbd4899e88f6bf2140d1) Importer(815301076,1909f56bfc062723c751e8b465ee728b)  -> (artifact id: 'e948eec9b467ff0bb300bfdad2a9339a') in 0.022643 seconds
  Import took 0.027800 seconds .

========================================================================
Received Import Request.
  Time since last request: 0.000156 seconds.
  path: Assets/QuickOutline/Samples/Materials/Plane.mat
  artifactKey: Guid(f58cf65ea995c4b45be95713bdea8134) Importer(815301076,1909f56bfc062723c751e8b465ee728b)
Start importing Assets/QuickOutline/Samples/Materials/Plane.mat using Guid(f58cf65ea995c4b45be95713bdea8134) Importer(815301076,1909f56bfc062723c751e8b465ee728b)  -> (artifact id: 'a13917a8100c9c696712b6ee98d5ef4c') in 0.006637 seconds
  Import took 0.011773 seconds .

========================================================================
Received Import Request.
  Time since last request: 0.013976 seconds.
  path: Assets/Materials/PlaygroundBlocks.mat
  artifactKey: Guid(4148d281f67afbd4899e88f6bf2140d1) Importer(815301076,1909f56bfc062723c751e8b465ee728b)
Start importing Assets/Materials/PlaygroundBlocks.mat using Guid(4148d281f67afbd4899e88f6bf2140d1) Importer(815301076,1909f56bfc062723c751e8b465ee728b)  -> (artifact id: 'e948eec9b467ff0bb300bfdad2a9339a') in 0.011541 seconds
  Import took 0.017645 seconds .

========================================================================
Received Import Request.
  Time since last request: 212.909661 seconds.
  path: Assets/Materials/Scanned.mat
  artifactKey: Guid(1bea7bd6c25ca3d448d203e3f2a4cd4b) Importer(815301076,1909f56bfc062723c751e8b465ee728b)
Start importing Assets/Materials/Scanned.mat using Guid(1bea7bd6c25ca3d448d203e3f2a4cd4b) Importer(815301076,1909f56bfc062723c751e8b465ee728b)  -> (artifact id: 'f323ebf36493564451670aef6aad1ed6') in 0.385599 seconds
  Import took 0.391728 seconds .

========================================================================
Received Prepare
Registering precompiled user dll's ...
Registered in 0.002165 seconds.
Begin MonoManager ReloadAssembly
Native extension for WindowsStandalone target not found
Refreshing native plugins compatible for Editor in 0.91 ms, found 0 plugins.
Preloading 0 native plugins for Editor in 0.00 ms.
Invoked RoslynAnalysisRunner static constructor.
RoslynAnalysisRunner will not be running.
RoslynAnalysisRunner has terminated.
Mono: successfully reloaded assembly
- Completed reload, in  1.435 seconds
Platform modules already initialized, skipping
Shader 'Universal Render Pipeline/Particles/Lit': fallback shader 'Universal Render Pipeline/Particles/SimpleLit' not found
Refreshing native plugins compatible for Editor in 0.85 ms, found 0 plugins.
Preloading 0 native plugins for Editor in 0.00 ms.
Unloading 3527 Unused Serialized files (Serialized files now loaded: 0)
System memory in use before: 180.1 MB.
System memory in use after: 180.2 MB.

Unloading 9 unused Assets to reduce memory usage. Loaded Objects now: 4370.
Total: 2.823900 ms (FindLiveObjects: 0.347100 ms CreateObjectMapping: 0.159400 ms MarkObjects: 2.182200 ms  DeleteObjects: 0.134200 ms)

========================================================================
Received Prepare
Registering precompiled user dll's ...
Registered in 0.001640 seconds.
Begin MonoManager ReloadAssembly
Native extension for WindowsStandalone target not found
Refreshing native plugins compatible for Editor in 0.85 ms, found 0 plugins.
Preloading 0 native plugins for Editor in 0.00 ms.
Invoked RoslynAnalysisRunner static constructor.
RoslynAnalysisRunner will not be running.
RoslynAnalysisRunner has terminated.
Mono: successfully reloaded assembly
- Completed reload, in  1.338 seconds
Platform modules already initialized, skipping
Shader 'Universal Render Pipeline/Particles/Lit': fallback shader 'Universal Render Pipeline/Particles/SimpleLit' not found
Refreshing native plugins compatible for Editor in 0.87 ms, found 0 plugins.
Preloading 0 native plugins for Editor in 0.00 ms.
Unloading 3527 Unused Serialized files (Serialized files now loaded: 0)
System memory in use before: 180.1 MB.
System memory in use after: 180.3 MB.

Unloading 9 unused Assets to reduce memory usage. Loaded Objects now: 4373.
Total: 3.467100 ms (FindLiveObjects: 0.418800 ms CreateObjectMapping: 0.176400 ms MarkObjects: 2.727300 ms  DeleteObjects: 0.143000 ms)

========================================================================
Received Prepare
Registering precompiled user dll's ...
Registered in 0.001516 seconds.
Begin MonoManager ReloadAssembly
Native extension for WindowsStandalone target not found
Refreshing native plugins compatible for Editor in 0.84 ms, found 0 plugins.
Preloading 0 native plugins for Editor in 0.00 ms.
Invoked RoslynAnalysisRunner static constructor.
RoslynAnalysisRunner will not be running.
RoslynAnalysisRunner has terminated.
Mono: successfully reloaded assembly
- Completed reload, in  1.335 seconds
Platform modules already initialized, skipping
Shader 'Universal Render Pipeline/Particles/Lit': fallback shader 'Universal Render Pipeline/Particles/SimpleLit' not found
Refreshing native plugins compatible for Editor in 0.81 ms, found 0 plugins.
Preloading 0 native plugins for Editor in 0.00 ms.
Unloading 3527 Unused Serialized files (Serialized files now loaded: 0)
System memory in use before: 180.2 MB.
System memory in use after: 180.3 MB.

Unloading 9 unused Assets to reduce memory usage. Loaded Objects now: 4376.
Total: 3.557800 ms (FindLiveObjects: 0.639900 ms CreateObjectMapping: 0.262000 ms MarkObjects: 2.474400 ms  DeleteObjects: 0.180100 ms)

========================================================================
Received Prepare
Registering precompiled user dll's ...
Registered in 0.001515 seconds.
Begin MonoManager ReloadAssembly
Native extension for WindowsStandalone target not found
Refreshing native plugins compatible for Editor in 0.90 ms, found 0 plugins.
Preloading 0 native plugins for Editor in 0.00 ms.
Invoked RoslynAnalysisRunner static constructor.
RoslynAnalysisRunner will not be running.
RoslynAnalysisRunner has terminated.
Mono: successfully reloaded assembly
- Completed reload, in  1.336 seconds
Platform modules already initialized, skipping
Shader 'Universal Render Pipeline/Particles/Lit': fallback shader 'Universal Render Pipeline/Particles/SimpleLit' not found
Refreshing native plugins compatible for Editor in 0.82 ms, found 0 plugins.
Preloading 0 native plugins for Editor in 0.00 ms.
Unloading 3527 Unused Serialized files (Serialized files now loaded: 0)
System memory in use before: 180.2 MB.
System memory in use after: 180.4 MB.

Unloading 9 unused Assets to reduce memory usage. Loaded Objects now: 4379.
Total: 2.737800 ms (FindLiveObjects: 0.413100 ms CreateObjectMapping: 0.133700 ms MarkObjects: 2.043800 ms  DeleteObjects: 0.146400 ms)

========================================================================
Received Prepare
Registering precompiled user dll's ...
Registered in 0.001668 seconds.
Begin MonoManager ReloadAssembly
Native extension for WindowsStandalone target not found
Refreshing native plugins compatible for Editor in 0.82 ms, found 0 plugins.
Preloading 0 native plugins for Editor in 0.00 ms.
Invoked RoslynAnalysisRunner static constructor.
RoslynAnalysisRunner will not be running.
RoslynAnalysisRunner has terminated.
Mono: successfully reloaded assembly
- Completed reload, in  1.271 seconds
Platform modules already initialized, skipping
Shader 'Universal Render Pipeline/Particles/Lit': fallback shader 'Universal Render Pipeline/Particles/SimpleLit' not found
Refreshing native plugins compatible for Editor in 0.81 ms, found 0 plugins.
Preloading 0 native plugins for Editor in 0.00 ms.
Unloading 3527 Unused Serialized files (Serialized files now loaded: 0)
System memory in use before: 180.2 MB.
System memory in use after: 180.4 MB.

Unloading 9 unused Assets to reduce memory usage. Loaded Objects now: 4382.
Total: 3.283700 ms (FindLiveObjects: 0.489100 ms CreateObjectMapping: 0.167400 ms MarkObjects: 2.446600 ms  DeleteObjects: 0.179500 ms)

========================================================================
Received Prepare
Registering precompiled user dll's ...
Registered in 0.001779 seconds.
Begin MonoManager ReloadAssembly
Native extension for WindowsStandalone target not found
Refreshing native plugins compatible for Editor in 0.96 ms, found 0 plugins.
Preloading 0 native plugins for Editor in 0.00 ms.
Invoked RoslynAnalysisRunner static constructor.
RoslynAnalysisRunner will not be running.
RoslynAnalysisRunner has terminated.
Mono: successfully reloaded assembly
- Completed reload, in  1.362 seconds
Platform modules already initialized, skipping
Shader 'Universal Render Pipeline/Particles/Lit': fallback shader 'Universal Render Pipeline/Particles/SimpleLit' not found
Refreshing native plugins compatible for Editor in 0.96 ms, found 0 plugins.
Preloading 0 native plugins for Editor in 0.00 ms.
Unloading 3527 Unused Serialized files (Serialized files now loaded: 0)
System memory in use before: 180.3 MB.
System memory in use after: 180.4 MB.

Unloading 9 unused Assets to reduce memory usage. Loaded Objects now: 4385.
Total: 3.266800 ms (FindLiveObjects: 0.377500 ms CreateObjectMapping: 0.176600 ms MarkObjects: 2.574400 ms  DeleteObjects: 0.137300 ms)

========================================================================
Received Prepare
Registering precompiled user dll's ...
Registered in 0.001695 seconds.
Begin MonoManager ReloadAssembly
Native extension for WindowsStandalone target not found
Refreshing native plugins compatible for Editor in 0.84 ms, found 0 plugins.
Preloading 0 native plugins for Editor in 0.00 ms.
Invoked RoslynAnalysisRunner static constructor.
RoslynAnalysisRunner will not be running.
RoslynAnalysisRunner has terminated.
Mono: successfully reloaded assembly
- Completed reload, in  1.320 seconds
Platform modules already initialized, skipping
Shader 'Universal Render Pipeline/Particles/Lit': fallback shader 'Universal Render Pipeline/Particles/SimpleLit' not found
Refreshing native plugins compatible for Editor in 0.82 ms, found 0 plugins.
Preloading 0 native plugins for Editor in 0.00 ms.
Unloading 3527 Unused Serialized files (Serialized files now loaded: 0)
System memory in use before: 180.3 MB.
System memory in use after: 180.5 MB.

Unloading 9 unused Assets to reduce memory usage. Loaded Objects now: 4388.
Total: 3.737500 ms (FindLiveObjects: 0.487200 ms CreateObjectMapping: 0.152300 ms MarkObjects: 2.873200 ms  DeleteObjects: 0.223900 ms)

========================================================================
Received Prepare
Registering precompiled user dll's ...
Registered in 0.001668 seconds.
Begin MonoManager ReloadAssembly
Native extension for WindowsStandalone target not found
Refreshing native plugins compatible for Editor in 0.88 ms, found 0 plugins.
Preloading 0 native plugins for Editor in 0.00 ms.
Invoked RoslynAnalysisRunner static constructor.
RoslynAnalysisRunner will not be running.
RoslynAnalysisRunner has terminated.
Mono: successfully reloaded assembly
- Completed reload, in  1.334 seconds
Platform modules already initialized, skipping
Shader 'Universal Render Pipeline/Particles/Lit': fallback shader 'Universal Render Pipeline/Particles/SimpleLit' not found
Refreshing native plugins compatible for Editor in 0.89 ms, found 0 plugins.
Preloading 0 native plugins for Editor in 0.00 ms.
Unloading 3527 Unused Serialized files (Serialized files now loaded: 0)
System memory in use before: 180.3 MB.
System memory in use after: 180.5 MB.

Unloading 9 unused Assets to reduce memory usage. Loaded Objects now: 4391.
Total: 3.569900 ms (FindLiveObjects: 0.646300 ms CreateObjectMapping: 0.278700 ms MarkObjects: 2.509100 ms  DeleteObjects: 0.134900 ms)

========================================================================
Received Prepare
Registering precompiled user dll's ...
Registered in 0.001520 seconds.
Begin MonoManager ReloadAssembly
Native extension for WindowsStandalone target not found
Refreshing native plugins compatible for Editor in 0.98 ms, found 0 plugins.
Preloading 0 native plugins for Editor in 0.00 ms.
Invoked RoslynAnalysisRunner static constructor.
RoslynAnalysisRunner will not be running.
RoslynAnalysisRunner has terminated.
Mono: successfully reloaded assembly
- Completed reload, in  1.456 seconds
Platform modules already initialized, skipping
Shader 'Universal Render Pipeline/Particles/Lit': fallback shader 'Universal Render Pipeline/Particles/SimpleLit' not found
Refreshing native plugins compatible for Editor in 0.83 ms, found 0 plugins.
Preloading 0 native plugins for Editor in 0.00 ms.
Unloading 3527 Unused Serialized files (Serialized files now loaded: 0)
System memory in use before: 180.4 MB.
System memory in use after: 180.5 MB.

Unloading 9 unused Assets to reduce memory usage. Loaded Objects now: 4394.
Total: 2.878200 ms (FindLiveObjects: 0.425900 ms CreateObjectMapping: 0.183800 ms MarkObjects: 2.134900 ms  DeleteObjects: 0.132300 ms)

========================================================================
Received Import Request.
  Time since last request: 3349.889666 seconds.
  path: Assets/img/Ramp64x256px.png
  artifactKey: Guid(0b8e3c1ad360acb449bc39dc66c28def) Importer(815301076,1909f56bfc062723c751e8b465ee728b)
Start importing Assets/img/Ramp64x256px.png using Guid(0b8e3c1ad360acb449bc39dc66c28def) Importer(815301076,1909f56bfc062723c751e8b465ee728b)  -> (artifact id: '62872a5796a05d26850ec4f2eaba0db8') in 0.076090 seconds
  Import took 0.083246 seconds .

========================================================================
Received Import Request.
  Time since last request: 0.011642 seconds.
  path: Assets/img/Ramp64x256px.png
  artifactKey: Guid(0b8e3c1ad360acb449bc39dc66c28def) Importer(815301076,1909f56bfc062723c751e8b465ee728b)
Start importing Assets/img/Ramp64x256px.png using Guid(0b8e3c1ad360acb449bc39dc66c28def) Importer(815301076,1909f56bfc062723c751e8b465ee728b)  -> (artifact id: '62872a5796a05d26850ec4f2eaba0db8') in 0.005288 seconds
  Import took 0.010710 seconds .

========================================================================
Received Import Request.
  Time since last request: 791.670630 seconds.
  path: Assets/img/gradientline.png
  artifactKey: Guid(fcee816a340a9c24b8b36b347bad26c9) Importer(815301076,1909f56bfc062723c751e8b465ee728b)
Start importing Assets/img/gradientline.png using Guid(fcee816a340a9c24b8b36b347bad26c9) Importer(815301076,1909f56bfc062723c751e8b465ee728b)  -> (artifact id: 'd2bbdf886f2f65833daae5804fd91654') in 0.013345 seconds
  Import took 0.019440 seconds .

========================================================================
Received Import Request.
  Time since last request: 0.023539 seconds.
  path: Assets/img/gradientline.png
  artifactKey: Guid(fcee816a340a9c24b8b36b347bad26c9) Importer(815301076,1909f56bfc062723c751e8b465ee728b)
Start importing Assets/img/gradientline.png using Guid(fcee816a340a9c24b8b36b347bad26c9) Importer(815301076,1909f56bfc062723c751e8b465ee728b)  -> (artifact id: 'd2bbdf886f2f65833daae5804fd91654') in 0.005193 seconds
  Import took 0.010651 seconds .

========================================================================
Received Import Request.
  Time since last request: 252.006515 seconds.
  path: Assets/Scenes/TestScene/GlobalPP Profile.asset
  artifactKey: Guid(8762ba4909206154e94443b35e906619) Importer(815301076,1909f56bfc062723c751e8b465ee728b)
Start importing Assets/Scenes/TestScene/GlobalPP Profile.asset using Guid(8762ba4909206154e94443b35e906619) Importer(815301076,1909f56bfc062723c751e8b465ee728b)  -> (artifact id: 'c8ba64ba2470c56d5b8929266a44c821') in 0.008677 seconds
  Import took 0.014752 seconds .

AssetImportWorkerClient::OnTransportError - code=2 error=End of file
